<?xml version="1.0" encoding="UTF-8"?>
<!-- Generated by org.testng.reporters.JUnitXMLReporter -->
<testsuite ignored="0" hostname="Karthiks-MacBook-Air.local" failures="0" tests="8" name="Test" time="16.848" errors="0" timestamp="17 Mar 2020 22:43:59 GMT">
  <testcase classname="com.api.restapi.pojo.UserResult" name="createUserWithFullJSON" time="5.657"/>
  <testcase classname="com.api.restapi.tests.CreateUserTests" name="postUsersAPI" time="6.277"/>
  <testcase classname="com.api.restapi.tests.CreateUserTests" name="postUsersDataProviderAPI" time="1.305"/>
  <testcase classname="com.api.restapi.tests.CreateUserTests" name="postUsersDataProviderAPI" time="1.548"/>
  <testcase classname="com.api.restapi.tests.CreateUserTests" name="postUsersDataProviderAPI" time="1.433"/>
  <testcase classname="com.api.restapi.tests.CreateUserTests" name="postUsersDataProviderAPI" time="1.33"/>
  <testcase classname="com.api.restapi.tests.GetUserTests" name="getUsersAllAPI" time="1.511"/>
  <testcase classname="com.api.restapi.tests.GetUserTests" name="getUsersWithParamAPI" time="1.447"/>
</testsuite> <!-- Test -->
