<?xml version="1.0" encoding="UTF-8"?>
<testng-results ignored="0" total="8" passed="8" failed="0" skipped="0">
  <reporter-output>
  </reporter-output>
  <suite started-at="2020-03-17T22:43:42Z" name="Suite" finished-at="2020-03-17T22:43:59Z" duration-ms="16848">
    <groups>
    </groups>
    <test started-at="2020-03-17T22:43:42Z" name="Test" finished-at="2020-03-17T22:43:59Z" duration-ms="16848">
      <class name="com.api.restapi.pojo.UserResult">
        <test-method signature="createUserWithFullJSON()[pri:0, instance:com.api.restapi.pojo.UserResult@7573e12f]" started-at="2020-03-17T22:43:42Z" name="createUserWithFullJSON" finished-at="2020-03-17T22:43:48Z" duration-ms="5657" status="PASS">
          <reporter-output>
          </reporter-output>
        </test-method> <!-- createUserWithFullJSON -->
      </class> <!-- com.api.restapi.pojo.UserResult -->
      <class name="com.api.restapi.tests.CreateUserTests">
        <test-method signature="postUsersAPI()[pri:0, instance:com.api.restapi.tests.CreateUserTests@51b1a8f6]" started-at="2020-03-17T22:43:42Z" name="postUsersAPI" finished-at="2020-03-17T22:43:49Z" duration-ms="6277" status="PASS">
          <reporter-output>
          </reporter-output>
        </test-method> <!-- postUsersAPI -->
        <test-method signature="postUsersDataProviderAPI(java.lang.String, java.lang.String, java.lang.String, java.lang.String, java.lang.String, java.lang.String, java.lang.String, java.lang.String, java.lang.String)[pri:0, instance:com.api.restapi.tests.CreateUserTests@51b1a8f6]" started-at="2020-03-17T22:43:50Z" name="postUsersDataProviderAPI" data-provider="getdata" finished-at="2020-03-17T22:43:52Z" duration-ms="1305" status="PASS">
          <params>
            <param index="0">
              <value>
                <![CDATA[aditya]]>
              </value>
            </param>
            <param index="1">
              <value>
                <![CDATA[R]]>
              </value>
            </param>
            <param index="2">
              <value>
                <![CDATA[male]]>
              </value>
            </param>
            <param index="3">
              <value>
                <![CDATA[01-Jan-1990]]>
              </value>
            </param>
            <param index="4">
              <value>
                <![CDATA[abc11@gmail.com]]>
              </value>
            </param>
            <param index="5">
              <value>
                <![CDATA[9898989999]]>
              </value>
            </param>
            <param index="6">
              <value>
                <![CDATA[http://www.abc.com]]>
              </value>
            </param>
            <param index="7">
              <value>
                <![CDATA[bangalore]]>
              </value>
            </param>
            <param index="8">
              <value>
                <![CDATA[active]]>
              </value>
            </param>
          </params>
          <reporter-output>
          </reporter-output>
        </test-method> <!-- postUsersDataProviderAPI -->
        <test-method signature="postUsersDataProviderAPI(java.lang.String, java.lang.String, java.lang.String, java.lang.String, java.lang.String, java.lang.String, java.lang.String, java.lang.String, java.lang.String)[pri:0, instance:com.api.restapi.tests.CreateUserTests@51b1a8f6]" started-at="2020-03-17T22:43:52Z" name="postUsersDataProviderAPI" data-provider="getdata" finished-at="2020-03-17T22:43:53Z" duration-ms="1548" status="PASS">
          <params>
            <param index="0">
              <value>
                <![CDATA[pallavi]]>
              </value>
            </param>
            <param index="1">
              <value>
                <![CDATA[I]]>
              </value>
            </param>
            <param index="2">
              <value>
                <![CDATA[female]]>
              </value>
            </param>
            <param index="3">
              <value>
                <![CDATA[09-Sep-1998]]>
              </value>
            </param>
            <param index="4">
              <value>
                <![CDATA[abc12@gmail.com]]>
              </value>
            </param>
            <param index="5">
              <value>
                <![CDATA[98989899990]]>
              </value>
            </param>
            <param index="6">
              <value>
                <![CDATA[http://www.abc.com]]>
              </value>
            </param>
            <param index="7">
              <value>
                <![CDATA[pune]]>
              </value>
            </param>
            <param index="8">
              <value>
                <![CDATA[active]]>
              </value>
            </param>
          </params>
          <reporter-output>
          </reporter-output>
        </test-method> <!-- postUsersDataProviderAPI -->
        <test-method signature="postUsersDataProviderAPI(java.lang.String, java.lang.String, java.lang.String, java.lang.String, java.lang.String, java.lang.String, java.lang.String, java.lang.String, java.lang.String)[pri:0, instance:com.api.restapi.tests.CreateUserTests@51b1a8f6]" started-at="2020-03-17T22:43:53Z" name="postUsersDataProviderAPI" data-provider="getdata" finished-at="2020-03-17T22:43:55Z" duration-ms="1433" status="PASS">
          <params>
            <param index="0">
              <value>
                <![CDATA[ramesh]]>
              </value>
            </param>
            <param index="1">
              <value>
                <![CDATA[B]]>
              </value>
            </param>
            <param index="2">
              <value>
                <![CDATA[male]]>
              </value>
            </param>
            <param index="3">
              <value>
                <![CDATA[01-Jan-1991]]>
              </value>
            </param>
            <param index="4">
              <value>
                <![CDATA[abc13@gmail.com]]>
              </value>
            </param>
            <param index="5">
              <value>
                <![CDATA[989898999991]]>
              </value>
            </param>
            <param index="6">
              <value>
                <![CDATA[http://www.abc.com]]>
              </value>
            </param>
            <param index="7">
              <value>
                <![CDATA[Delhi]]>
              </value>
            </param>
            <param index="8">
              <value>
                <![CDATA[inactive]]>
              </value>
            </param>
          </params>
          <reporter-output>
          </reporter-output>
        </test-method> <!-- postUsersDataProviderAPI -->
        <test-method signature="postUsersDataProviderAPI(java.lang.String, java.lang.String, java.lang.String, java.lang.String, java.lang.String, java.lang.String, java.lang.String, java.lang.String, java.lang.String)[pri:0, instance:com.api.restapi.tests.CreateUserTests@51b1a8f6]" started-at="2020-03-17T22:43:55Z" name="postUsersDataProviderAPI" data-provider="getdata" finished-at="2020-03-17T22:43:56Z" duration-ms="1330" status="PASS">
          <params>
            <param index="0">
              <value>
                <![CDATA[samapth]]>
              </value>
            </param>
            <param index="1">
              <value>
                <![CDATA[I]]>
              </value>
            </param>
            <param index="2">
              <value>
                <![CDATA[male]]>
              </value>
            </param>
            <param index="3">
              <value>
                <![CDATA[09-Sep-1999]]>
              </value>
            </param>
            <param index="4">
              <value>
                <![CDATA[abc14@gmail.com]]>
              </value>
            </param>
            <param index="5">
              <value>
                <![CDATA[98989899992]]>
              </value>
            </param>
            <param index="6">
              <value>
                <![CDATA[http://www.abc.com]]>
              </value>
            </param>
            <param index="7">
              <value>
                <![CDATA[Hyderabad]]>
              </value>
            </param>
            <param index="8">
              <value>
                <![CDATA[active]]>
              </value>
            </param>
          </params>
          <reporter-output>
          </reporter-output>
        </test-method> <!-- postUsersDataProviderAPI -->
      </class> <!-- com.api.restapi.tests.CreateUserTests -->
      <class name="com.api.restapi.tests.GetUserTests">
        <test-method signature="getUsersAllAPI()[pri:1, instance:com.api.restapi.tests.GetUserTests@cb0f763]" started-at="2020-03-17T22:43:56Z" name="getUsersAllAPI" finished-at="2020-03-17T22:43:58Z" duration-ms="1511" status="PASS">
          <reporter-output>
          </reporter-output>
        </test-method> <!-- getUsersAllAPI -->
        <test-method signature="getUsersWithParamAPI()[pri:2, instance:com.api.restapi.tests.GetUserTests@cb0f763]" started-at="2020-03-17T22:43:58Z" name="getUsersWithParamAPI" finished-at="2020-03-17T22:43:59Z" duration-ms="1447" status="PASS">
          <reporter-output>
          </reporter-output>
        </test-method> <!-- getUsersWithParamAPI -->
      </class> <!-- com.api.restapi.tests.GetUserTests -->
    </test> <!-- Test -->
  </suite> <!-- Suite -->
</testng-results>
